# JRE version: Java(TM) SE Runtime Environment (8.0_112-b15) (build 1.8.0_112-b15)
# Java VM: Java HotSpot(TM) 64-Bit Server VM (25.112-b15 mixed mode windows-amd64 compressed oops)
Heap:
 PSYoungGen      total 272384K, used 181253K [0x00000000eab00000, 0x00000000ffb00000, 0x0000000100000000)
  eden space 239616K, 67% used [0x00000000eab00000,0x00000000f4961750,0x00000000f9500000)
  from space 32768K, 58% used [0x00000000f9500000,0x00000000fa79fe58,0x00000000fb500000)
  to   space 31744K, 0% used [0x00000000fdc00000,0x00000000fdc00000,0x00000000ffb00000)
 ParOldGen       total 256000K, used 49408K [0x00000000c0000000, 0x00000000cfa00000, 0x00000000eab00000)
  object space 256000K, 19% used [0x00000000c0000000,0x00000000c3040240,0x00000000cfa00000)
 Metaspace       used 64927K, capacity 67914K, committed 68120K, reserved 1107968K
  class space    used 8685K, capacity 9399K, committed 9504K, reserved 1048576K
GC Heap History (10 events):
Event: 2185.231 GC heap before
{Heap before GC invocations=18 (full 3):
 PSYoungGen      total 193024K, used 170496K [0x00000000eab00000, 0x00000000fb280000, 0x0000000100000000)
  eden space 170496K, 100% used [0x00000000eab00000,0x00000000f5180000,0x00000000f5180000)
  from space 22528K, 0% used [0x00000000f9c80000,0x00000000f9c80000,0x00000000fb280000)
  to   space 29184K, 0% used [0x00000000f7980000,0x00000000f7980000,0x00000000f9600000)
 ParOldGen       total 256000K, used 47962K [0x00000000c0000000, 0x00000000cfa00000, 0x00000000eab00000)
  object space 256000K, 18% used [0x00000000c0000000,0x00000000c2ed6bc8,0x00000000cfa00000)
 Metaspace       used 60125K, capacity 62708K, committed 62872K, reserved 1103872K
  class space    used 8195K, capacity 8822K, committed 8864K, reserved 1048576K
Event: 2185.248 GC heap after
Heap after GC invocations=18 (full 3):
 PSYoungGen      total 239616K, used 22278K [0x00000000eab00000, 0x00000000fb380000, 0x0000000100000000)
  eden space 210432K, 0% used [0x00000000eab00000,0x00000000eab00000,0x00000000f7880000)
  from space 29184K, 76% used [0x00000000f7980000,0x00000000f8f41a70,0x00000000f9600000)
  to   space 30208K, 0% used [0x00000000f9600000,0x00000000f9600000,0x00000000fb380000)
 ParOldGen       total 256000K, used 47970K [0x00000000c0000000, 0x00000000cfa00000, 0x00000000eab00000)
  object space 256000K, 18% used [0x00000000c0000000,0x00000000c2ed8bc8,0x00000000cfa00000)
 Metaspace       used 60125K, capacity 62708K, committed 62872K, reserved 1103872K
  class space    used 8195K, capacity 8822K, committed 8864K, reserved 1048576K
}
Event: 2186.201 GC heap before
{Heap before GC invocations=19 (full 3):
 PSYoungGen      total 239616K, used 232710K [0x00000000eab00000, 0x00000000fb380000, 0x0000000100000000)
  eden space 210432K, 100% used [0x00000000eab00000,0x00000000f7880000,0x00000000f7880000)
  from space 29184K, 76% used [0x00000000f7980000,0x00000000f8f41a70,0x00000000f9600000)
  to   space 30208K, 0% used [0x00000000f9600000,0x00000000f9600000,0x00000000fb380000)
 ParOldGen       total 256000K, used 47970K [0x00000000c0000000, 0x00000000cfa00000, 0x00000000eab00000)
  object space 256000K, 18% used [0x00000000c0000000,0x00000000c2ed8bc8,0x00000000cfa00000)
 Metaspace       used 60433K, capacity 62964K, committed 63128K, reserved 1103872K
  class space    used 8195K, capacity 8822K, committed 8864K, reserved 1048576K
Event: 2186.211 GC heap after
Heap after GC invocations=19 (full 3):
 PSYoungGen      total 241664K, used 16767K [0x00000000eab00000, 0x00000000fe580000, 0x0000000100000000)
  eden space 211456K, 0% used [0x00000000eab00000,0x00000000eab00000,0x00000000f7980000)
  from space 30208K, 55% used [0x00000000f9600000,0x00000000fa65fc50,0x00000000fb380000)
  to   space 29184K, 0% used [0x00000000f7980000,0x00000000f7980000,0x00000000f9600000)
 ParOldGen       total 256000K, used 47978K [0x00000000c0000000, 0x00000000cfa00000, 0x00000000eab00000)
  object space 256000K, 18% used [0x00000000c0000000,0x00000000c2edabc8,0x00000000cfa00000)
 Metaspace       used 60433K, capacity 62964K, committed 63128K, reserved 1103872K
  class space    used 8195K, capacity 8822K, committed 8864K, reserved 1048576K
}
Event: 2188.326 GC heap before
{Heap before GC invocations=20 (full 3):
 PSYoungGen      total 241664K, used 228223K [0x00000000eab00000, 0x00000000fe580000, 0x0000000100000000)
  eden space 211456K, 100% used [0x00000000eab00000,0x00000000f7980000,0x00000000f7980000)
  from space 30208K, 55% used [0x00000000f9600000,0x00000000fa65fc50,0x00000000fb380000)
  to   space 29184K, 0% used [0x00000000f7980000,0x00000000f7980000,0x00000000f9600000)
 ParOldGen       total 256000K, used 47978K [0x00000000c0000000, 0x00000000cfa00000, 0x00000000eab00000)
  object space 256000K, 18% used [0x00000000c0000000,0x00000000c2edabc8,0x00000000cfa00000)
 Metaspace       used 60688K, capacity 63260K, committed 63384K, reserved 1103872K
  class space    used 8198K, capacity 8828K, committed 8864K, reserved 1048576K
Event: 2188.337 GC heap after
Heap after GC invocations=20 (full 3):
 PSYoungGen      total 240640K, used 19103K [0x00000000eab00000, 0x00000000fd380000, 0x0000000100000000)
  eden space 211456K, 0% used [0x00000000eab00000,0x00000000eab00000,0x00000000f7980000)
  from space 29184K, 65% used [0x00000000f7980000,0x00000000f8c27df0,0x00000000f9600000)
  to   space 29184K, 0% used [0x00000000fb700000,0x00000000fb700000,0x00000000fd380000)
 ParOldGen       total 256000K, used 47986K [0x00000000c0000000, 0x00000000cfa00000, 0x00000000eab00000)
  object space 256000K, 18% used [0x00000000c0000000,0x00000000c2edcbc8,0x00000000cfa00000)
 Metaspace       used 60688K, capacity 63260K, committed 63384K, reserved 1103872K
  class space    used 8198K, capacity 8828K, committed 8864K, reserved 1048576K
}
Event: 3600.090 GC heap before
{Heap before GC invocations=21 (full 3):
 PSYoungGen      total 240640K, used 230559K [0x00000000eab00000, 0x00000000fd380000, 0x0000000100000000)
  eden space 211456K, 100% used [0x00000000eab00000,0x00000000f7980000,0x00000000f7980000)
  from space 29184K, 65% used [0x00000000f7980000,0x00000000f8c27df0,0x00000000f9600000)
  to   space 29184K, 0% used [0x00000000fb700000,0x00000000fb700000,0x00000000fd380000)
 ParOldGen       total 256000K, used 47986K [0x00000000c0000000, 0x00000000cfa00000, 0x00000000eab00000)
  object space 256000K, 18% used [0x00000000c0000000,0x00000000c2edcbc8,0x00000000cfa00000)
 Metaspace       used 64542K, capacity 67552K, committed 67864K, reserved 1107968K
  class space    used 8675K, capacity 9382K, committed 9504K, reserved 1048576K
Event: 3600.110 GC heap after
Heap after GC invocations=21 (full 3):
 PSYoungGen      total 268800K, used 29182K [0x00000000eab00000, 0x00000000fd500000, 0x0000000100000000)
  eden space 239616K, 0% used [0x00000000eab00000,0x00000000eab00000,0x00000000f9500000)
  from space 29184K, 99% used [0x00000000fb700000,0x00000000fd37fad0,0x00000000fd380000)
  to   space 32768K, 0% used [0x00000000f9500000,0x00000000f9500000,0x00000000fb500000)
 ParOldGen       total 256000K, used 49400K [0x00000000c0000000, 0x00000000cfa00000, 0x00000000eab00000)
  object space 256000K, 19% used [0x00000000c0000000,0x00000000c303e240,0x00000000cfa00000)
 Metaspace       used 64542K, capacity 67552K, committed 67864K, reserved 1107968K
  class space    used 8675K, capacity 9382K, committed 9504K, reserved 1048576K
}
Event: 3601.275 GC heap before
{Heap before GC invocations=22 (full 3):
 PSYoungGen      total 268800K, used 268798K [0x00000000eab00000, 0x00000000fd500000, 0x0000000100000000)
  eden space 239616K, 100% used [0x00000000eab00000,0x00000000f9500000,0x00000000f9500000)
  from space 29184K, 99% used [0x00000000fb700000,0x00000000fd37fad0,0x00000000fd380000)
  to   space 32768K, 0% used [0x00000000f9500000,0x00000000f9500000,0x00000000fb500000)
 ParOldGen       total 256000K, used 49400K [0x00000000c0000000, 0x00000000cfa00000, 0x00000000eab00000)
  object space 256000K, 19% used [0x00000000c0000000,0x00000000c303e240,0x00000000cfa00000)
 Metaspace       used 64702K, capacity 67740K, committed 67864K, reserved 1107968K
  class space    used 8680K, capacity 9392K, committed 9504K, reserved 1048576K
Event: 3601.293 GC heap after
Heap after GC invocations=22 (full 3):
 PSYoungGen      total 272384K, used 19071K [0x00000000eab00000, 0x00000000ffb00000, 0x0000000100000000)
  eden space 239616K, 0% used [0x00000000eab00000,0x00000000eab00000,0x00000000f9500000)
  from space 32768K, 58% used [0x00000000f9500000,0x00000000fa79fe58,0x00000000fb500000)
  to   space 31744K, 0% used [0x00000000fdc00000,0x00000000fdc00000,0x00000000ffb00000)
 ParOldGen       total 256000K, used 49408K [0x00000000c0000000, 0x00000000cfa00000, 0x00000000eab00000)
  object space 256000K, 19% used [0x00000000c0000000,0x00000000c3040240,0x00000000cfa00000)
 Metaspace       used 64702K, capacity 67740K, committed 67864K, reserved 1107968K
  class space    used 8680K, capacity 9392K, committed 9504K, reserved 1048576K
}

