# JRE version: Java(TM) SE Runtime Environment (8.0_112-b15) (build 1.8.0_112-b15)
# Java VM: Java HotSpot(TM) 64-Bit Server VM (25.112-b15 mixed mode windows-amd64 compressed oops)
Heap:
 PSYoungGen      total 665600K, used 56790K [0x000000076b500000, 0x00000007a7600000, 0x00000007c0000000)
  eden space 624640K, 9% used [0x000000076b500000,0x000000076ec75990,0x0000000791700000)
  from space 40960K, 0% used [0x0000000791700000,0x0000000791700000,0x0000000793f00000)
  to   space 40960K, 0% used [0x00000007a4e00000,0x00000007a4e00000,0x00000007a7600000)
 ParOldGen       total 131584K, used 52146K [0x00000006c1e00000, 0x00000006c9e80000, 0x000000076b500000)
  object space 131584K, 39% used [0x00000006c1e00000,0x00000006c50ec8d0,0x00000006c9e80000)
 Metaspace       used 56849K, capacity 59344K, committed 59416K, reserved 1101824K
  class space    used 7471K, capacity 7940K, committed 7960K, reserved 1048576K
GC Heap History (10 events):
Event: 9.166 GC heap before
{Heap before GC invocations=10 (full 2):
 PSYoungGen      total 470016K, used 27481K [0x000000076b500000, 0x000000078ab00000, 0x00000007c0000000)
  eden space 435200K, 0% used [0x000000076b500000,0x000000076b500000,0x0000000785e00000)
  from space 34816K, 78% used [0x0000000788900000,0x000000078a3d67b8,0x000000078ab00000)
  to   space 39424K, 0% used [0x0000000785e00000,0x0000000785e00000,0x0000000788480000)
 ParOldGen       total 76288K, used 35777K [0x00000006c1e00000, 0x00000006c6880000, 0x000000076b500000)
  object space 76288K, 46% used [0x00000006c1e00000,0x00000006c40f04b0,0x00000006c6880000)
 Metaspace       used 34382K, capacity 35466K, committed 35496K, reserved 1079296K
  class space    used 4523K, capacity 4757K, committed 4784K, reserved 1048576K
Event: 9.242 GC heap after
Heap after GC invocations=10 (full 2):
 PSYoungGen      total 470016K, used 0K [0x000000076b500000, 0x000000078ab00000, 0x00000007c0000000)
  eden space 435200K, 0% used [0x000000076b500000,0x000000076b500000,0x0000000785e00000)
  from space 34816K, 0% used [0x0000000788900000,0x0000000788900000,0x000000078ab00000)
  to   space 39424K, 0% used [0x0000000785e00000,0x0000000785e00000,0x0000000788480000)
 ParOldGen       total 131584K, used 32311K [0x00000006c1e00000, 0x00000006c9e80000, 0x000000076b500000)
  object space 131584K, 24% used [0x00000006c1e00000,0x00000006c3d8dcc0,0x00000006c9e80000)
 Metaspace       used 34382K, capacity 35466K, committed 35496K, reserved 1079296K
  class space    used 4523K, capacity 4757K, committed 4784K, reserved 1048576K
}
Event: 16.996 GC heap before
{Heap before GC invocations=11 (full 2):
 PSYoungGen      total 470016K, used 435200K [0x000000076b500000, 0x000000078ab00000, 0x00000007c0000000)
  eden space 435200K, 100% used [0x000000076b500000,0x0000000785e00000,0x0000000785e00000)
  from space 34816K, 0% used [0x0000000788900000,0x0000000788900000,0x000000078ab00000)
  to   space 39424K, 0% used [0x0000000785e00000,0x0000000785e00000,0x0000000788480000)
 ParOldGen       total 131584K, used 32311K [0x00000006c1e00000, 0x00000006c9e80000, 0x000000076b500000)
  object space 131584K, 24% used [0x00000006c1e00000,0x00000006c3d8dcc0,0x00000006c9e80000)
 Metaspace       used 49377K, capacity 51466K, committed 51760K, reserved 1093632K
  class space    used 6491K, capacity 6891K, committed 6960K, reserved 1048576K
Event: 17.018 GC heap after
Heap after GC invocations=11 (full 2):
 PSYoungGen      total 474624K, used 22835K [0x000000076b500000, 0x0000000796f00000, 0x00000007c0000000)
  eden space 435200K, 0% used [0x000000076b500000,0x000000076b500000,0x0000000785e00000)
  from space 39424K, 57% used [0x0000000785e00000,0x000000078744cdb8,0x0000000788480000)
  to   space 39424K, 0% used [0x0000000794880000,0x0000000794880000,0x0000000796f00000)
 ParOldGen       total 131584K, used 32319K [0x00000006c1e00000, 0x00000006c9e80000, 0x000000076b500000)
  object space 131584K, 24% used [0x00000006c1e00000,0x00000006c3d8fcc0,0x00000006c9e80000)
 Metaspace       used 49377K, capacity 51466K, committed 51760K, reserved 1093632K
  class space    used 6491K, capacity 6891K, committed 6960K, reserved 1048576K
}
Event: 21.072 GC heap before
{Heap before GC invocations=12 (full 2):
 PSYoungGen      total 474624K, used 458035K [0x000000076b500000, 0x0000000796f00000, 0x00000007c0000000)
  eden space 435200K, 100% used [0x000000076b500000,0x0000000785e00000,0x0000000785e00000)
  from space 39424K, 57% used [0x0000000785e00000,0x000000078744cdb8,0x0000000788480000)
  to   space 39424K, 0% used [0x0000000794880000,0x0000000794880000,0x0000000796f00000)
 ParOldGen       total 131584K, used 32319K [0x00000006c1e00000, 0x00000006c9e80000, 0x000000076b500000)
  object space 131584K, 24% used [0x00000006c1e00000,0x00000006c3d8fcc0,0x00000006c9e80000)
 Metaspace       used 55810K, capacity 58180K, committed 58288K, reserved 1099776K
  class space    used 7314K, capacity 7752K, committed 7856K, reserved 1048576K
Event: 21.104 GC heap after
Heap after GC invocations=12 (full 2):
 PSYoungGen      total 655872K, used 26855K [0x000000076b500000, 0x0000000796700000, 0x00000007c0000000)
  eden space 624640K, 0% used [0x000000076b500000,0x000000076b500000,0x0000000791700000)
  from space 31232K, 85% used [0x0000000794880000,0x00000007962b9d98,0x0000000796700000)
  to   space 40960K, 0% used [0x0000000791700000,0x0000000791700000,0x0000000793f00000)
 ParOldGen       total 131584K, used 32327K [0x00000006c1e00000, 0x00000006c9e80000, 0x000000076b500000)
  object space 131584K, 24% used [0x00000006c1e00000,0x00000006c3d91cc0,0x00000006c9e80000)
 Metaspace       used 55810K, capacity 58180K, committed 58288K, reserved 1099776K
  class space    used 7314K, capacity 7752K, committed 7856K, reserved 1048576K
}
Event: 21.878 GC heap before
{Heap before GC invocations=13 (full 2):
 PSYoungGen      total 655872K, used 134976K [0x000000076b500000, 0x0000000796700000, 0x00000007c0000000)
  eden space 624640K, 17% used [0x000000076b500000,0x0000000771e965b8,0x0000000791700000)
  from space 31232K, 85% used [0x0000000794880000,0x00000007962b9d98,0x0000000796700000)
  to   space 40960K, 0% used [0x0000000791700000,0x0000000791700000,0x0000000793f00000)
 ParOldGen       total 131584K, used 32327K [0x00000006c1e00000, 0x00000006c9e80000, 0x000000076b500000)
  object space 131584K, 24% used [0x00000006c1e00000,0x00000006c3d91cc0,0x00000006c9e80000)
 Metaspace       used 56659K, capacity 59102K, committed 59160K, reserved 1099776K
  class space    used 7434K, capacity 7905K, committed 7960K, reserved 1048576K
Event: 21.914 GC heap after
Heap after GC invocations=13 (full 2):
 PSYoungGen      total 665600K, used 2761K [0x000000076b500000, 0x00000007a7600000, 0x00000007c0000000)
  eden space 624640K, 0% used [0x000000076b500000,0x000000076b500000,0x0000000791700000)
  from space 40960K, 6% used [0x0000000791700000,0x00000007919b2408,0x0000000793f00000)
  to   space 40960K, 0% used [0x00000007a4e00000,0x00000007a4e00000,0x00000007a7600000)
 ParOldGen       total 131584K, used 53930K [0x00000006c1e00000, 0x00000006c9e80000, 0x000000076b500000)
  object space 131584K, 40% used [0x00000006c1e00000,0x00000006c52aa980,0x00000006c9e80000)
 Metaspace       used 56659K, capacity 59102K, committed 59160K, reserved 1099776K
  class space    used 7434K, capacity 7905K, committed 7960K, reserved 1048576K
}
Event: 21.914 GC heap before
{Heap before GC invocations=14 (full 3):
 PSYoungGen      total 665600K, used 2761K [0x000000076b500000, 0x00000007a7600000, 0x00000007c0000000)
  eden space 624640K, 0% used [0x000000076b500000,0x000000076b500000,0x0000000791700000)
  from space 40960K, 6% used [0x0000000791700000,0x00000007919b2408,0x0000000793f00000)
  to   space 40960K, 0% used [0x00000007a4e00000,0x00000007a4e00000,0x00000007a7600000)
 ParOldGen       total 131584K, used 53930K [0x00000006c1e00000, 0x00000006c9e80000, 0x000000076b500000)
  object space 131584K, 40% used [0x00000006c1e00000,0x00000006c52aa980,0x00000006c9e80000)
 Metaspace       used 56659K, capacity 59102K, committed 59160K, reserved 1099776K
  class space    used 7434K, capacity 7905K, committed 7960K, reserved 1048576K
Event: 22.477 GC heap after
Heap after GC invocations=14 (full 3):
 PSYoungGen      total 665600K, used 0K [0x000000076b500000, 0x00000007a7600000, 0x00000007c0000000)
  eden space 624640K, 0% used [0x000000076b500000,0x000000076b500000,0x0000000791700000)
  from space 40960K, 0% used [0x0000000791700000,0x0000000791700000,0x0000000793f00000)
  to   space 40960K, 0% used [0x00000007a4e00000,0x00000007a4e00000,0x00000007a7600000)
 ParOldGen       total 131584K, used 52146K [0x00000006c1e00000, 0x00000006c9e80000, 0x000000076b500000)
  object space 131584K, 39% used [0x00000006c1e00000,0x00000006c50ec8d0,0x00000006c9e80000)
 Metaspace       used 56659K, capacity 59102K, committed 59160K, reserved 1099776K
  class space    used 7434K, capacity 7905K, committed 7960K, reserved 1048576K
}

